0 info it worked if it ends with ok
1 verbose cli [ 'C:\\Program Files\\nodejs\\node.exe',
1 verbose cli   'C:\\Program Files\\nodejs\\node_modules\\npm\\bin\\npm-cli.js',
1 verbose cli   'publish' ]
2 info using npm@3.8.3
3 info using node@v5.10.1
4 verbose publish [ '.' ]
5 silly cache add args [ '.', null ]
6 verbose cache add spec .
7 silly cache add parsed spec Result {
7 silly cache add   raw: '.',
7 silly cache add   scope: null,
7 silly cache add   name: null,
7 silly cache add   rawSpec: '.',
7 silly cache add   spec: 'E:\\github\\css2str',
7 silly cache add   type: 'directory' }
8 verbose addLocalDirectory C:\Users\Administrator\AppData\Roaming\npm-cache\css2str\1.0.0\package.tgz not in flight; packing
9 verbose correctMkdir C:\Users\Administrator\AppData\Roaming\npm-cache correctMkdir not in flight; initializing
10 info lifecycle css2str@1.0.0~prepublish: css2str@1.0.0
11 silly lifecycle css2str@1.0.0~prepublish: no script for prepublish, continuing
12 verbose tar pack [ 'C:\\Users\\Administrator\\AppData\\Roaming\\npm-cache\\css2str\\1.0.0\\package.tgz',
12 verbose tar pack   'E:\\github\\css2str' ]
13 verbose tarball C:\Users\Administrator\AppData\Roaming\npm-cache\css2str\1.0.0\package.tgz
14 verbose folder E:\github\css2str
15 verbose addLocalTarball adding from inside cache C:\Users\Administrator\AppData\Roaming\npm-cache\css2str\1.0.0\package.tgz
16 verbose correctMkdir C:\Users\Administrator\AppData\Roaming\npm-cache correctMkdir not in flight; initializing
17 silly cache afterAdd css2str@1.0.0
18 verbose afterAdd C:\Users\Administrator\AppData\Roaming\npm-cache\css2str\1.0.0\package\package.json not in flight; writing
19 verbose correctMkdir C:\Users\Administrator\AppData\Roaming\npm-cache correctMkdir not in flight; initializing
20 verbose afterAdd C:\Users\Administrator\AppData\Roaming\npm-cache\css2str\1.0.0\package\package.json written
21 silly publish { name: 'css2str',
21 silly publish   version: '1.0.0',
21 silly publish   description: 'parse css into string',
21 silly publish   main: 'index.js',
21 silly publish   bin: { c2s: 'bin/cli.js' },
21 silly publish   scripts: { test: 'mocha test/' },
21 silly publish   repository:
21 silly publish    { type: 'git',
21 silly publish      url: 'git+https://github.com/haledeng/css2str.git' },
21 silly publish   author: { name: 'helondeng' },
21 silly publish   license: 'MIT',
21 silly publish   bugs: { url: 'https://github.com/haledeng/css2str/issues' },
21 silly publish   homepage: 'https://github.com/haledeng/css2str#readme',
21 silly publish   readme: '# css2str\r\nparse css to string\r\n',
21 silly publish   readmeFilename: 'README.md',
21 silly publish   gitHead: '80277d381748978fad989fbf17fb6cd632598318',
21 silly publish   _id: 'css2str@1.0.0',
21 silly publish   _shasum: 'e8e64018e7faa6de0688c7ea2e48691d3ac47034',
21 silly publish   _from: '.' }
22 verbose getPublishConfig undefined
23 silly mapToRegistry name css2str
24 silly mapToRegistry using default registry
25 silly mapToRegistry registry https://registry.npmjs.org/
26 silly mapToRegistry data Result {
26 silly mapToRegistry   raw: 'css2str',
26 silly mapToRegistry   scope: null,
26 silly mapToRegistry   name: 'css2str',
26 silly mapToRegistry   rawSpec: '',
26 silly mapToRegistry   spec: 'latest',
26 silly mapToRegistry   type: 'tag' }
27 silly mapToRegistry uri https://registry.npmjs.org/css2str
28 verbose publish registryBase https://registry.npmjs.org/
29 silly publish uploading C:\Users\Administrator\AppData\Roaming\npm-cache\css2str\1.0.0\package.tgz
30 verbose request uri https://registry.npmjs.org/css2str
31 verbose request sending authorization for write operation
32 info attempt registry request try #1 at 15:27:03
33 verbose request using bearer token for auth
34 verbose request id b8b4093700eac671
35 http request PUT https://registry.npmjs.org/css2str
36 http 403 https://registry.npmjs.org/css2str
37 verbose headers { 'content-type': 'application/json',
37 verbose headers   'cache-control': 'max-age=300',
37 verbose headers   'content-length': '101',
37 verbose headers   'accept-ranges': 'bytes',
37 verbose headers   date: 'Fri, 06 May 2016 07:27:00 GMT',
37 verbose headers   via: '1.1 varnish',
37 verbose headers   connection: 'keep-alive',
37 verbose headers   'x-served-by': 'cache-itm7422-ITM',
37 verbose headers   'x-cache': 'MISS',
37 verbose headers   'x-cache-hits': '0',
37 verbose headers   'x-timer': 'S1462519619.929345,VS0,VE572',
37 verbose headers   vary: 'Accept-Encoding' }
38 verbose request invalidating C:\Users\Administrator\AppData\Roaming\npm-cache\registry.npmjs.org\css2str on PUT
39 error publish Failed PUT 403
40 verbose stack Error: you do not have permission to publish "css2str". Are you logged in as the correct user? : css2str
40 verbose stack     at makeError (C:\Program Files\nodejs\node_modules\npm\node_modules\npm-registry-client\lib\request.js:264:12)
40 verbose stack     at CachingRegistryClient.<anonymous> (C:\Program Files\nodejs\node_modules\npm\node_modules\npm-registry-client\lib\request.js:252:14)
40 verbose stack     at Request._callback (C:\Program Files\nodejs\node_modules\npm\node_modules\npm-registry-client\lib\request.js:172:14)
40 verbose stack     at Request.self.callback (C:\Program Files\nodejs\node_modules\npm\node_modules\request\request.js:199:22)
40 verbose stack     at emitTwo (events.js:100:13)
40 verbose stack     at Request.emit (events.js:185:7)
40 verbose stack     at Request.<anonymous> (C:\Program Files\nodejs\node_modules\npm\node_modules\request\request.js:1036:10)
40 verbose stack     at emitOne (events.js:95:20)
40 verbose stack     at Request.emit (events.js:182:7)
40 verbose stack     at IncomingMessage.<anonymous> (C:\Program Files\nodejs\node_modules\npm\node_modules\request\request.js:963:12)
41 verbose statusCode 403
42 verbose pkgid css2str
43 verbose cwd E:\github\css2str
44 error Windows_NT 6.1.7601
45 error argv "C:\\Program Files\\nodejs\\node.exe" "C:\\Program Files\\nodejs\\node_modules\\npm\\bin\\npm-cli.js" "publish"
46 error node v5.10.1
47 error npm  v3.8.3
48 error code E403
49 error you do not have permission to publish "css2str". Are you logged in as the correct user? : css2str
50 error If you need help, you may report this error at:
50 error     <https://github.com/npm/npm/issues>
51 verbose exit [ 1, true ]
